WARNING: This is a development server. Do not use it in a production deployment. Use a production WSGI server instead.
 * Running on all addresses (0.0.0.0)
 * Running on http://127.0.0.1:5000
 * Running on http://10.164.117.91:5000
Press CTRL+C to quit
127.0.0.1 - - [06/May/2026 04:16:02] "GET / HTTP/1.1" 200 -
127.0.0.1 - - [06/May/2026 04:19:20] "GET / HTTP/1.1" 200 -
127.0.0.1 - - [06/May/2026 04:20:38] "GET /api/admin/booths HTTP/1.1" 500 -
127.0.0.1 - - [06/May/2026 04:20:38] "GET /api/admin/voters HTTP/1.1" 500 -
Traceback (most recent call last):
  File "E:\Voter_Auth_Minor2_copy(1)\.venv\Lib\site-packages\flask\app.py", line 1536, in __call__
    return self.wsgi_app(environ, start_response)
           ~~~~~~~~~~~~~^^^^^^^^^^^^^^^^^^^^^^^^^
  File "E:\Voter_Auth_Minor2_copy(1)\.venv\Lib\site-packages\flask\app.py", line 1514, in wsgi_app
    response = self.handle_exception(e)
  File "E:\Voter_Auth_Minor2_copy(1)\.venv\Lib\site-packages\flask_cors\extension.py", line 176, in wrapped_function
    return cors_after_request(app.make_response(f(*args, **kwargs)))
                                                ~^^^^^^^^^^^^^^^^^
  File "E:\Voter_Auth_Minor2_copy(1)\.venv\Lib\site-packages\flask\app.py", line 1511, in wsgi_app
    response = self.full_dispatch_request()
  File "E:\Voter_Auth_Minor2_copy(1)\.venv\Lib\site-packages\flask\app.py", line 919, in full_dispatch_request
    rv = self.handle_user_exception(e)
  File "E:\Voter_Auth_Minor2_copy(1)\.venv\Lib\site-packages\flask_cors\extension.py", line 176, in wrapped_function
    return cors_after_request(app.make_response(f(*args, **kwargs)))
                                                ~^^^^^^^^^^^^^^^^^
  File "E:\Voter_Auth_Minor2_copy(1)\.venv\Lib\site-packages\flask\app.py", line 917, in full_dispatch_request
    rv = self.dispatch_request()
  File "E:\Voter_Auth_Minor2_copy(1)\.venv\Lib\site-packages\flask\app.py", line 902, in dispatch_request
    return self.ensure_sync(self.view_functions[rule.endpoint])(**view_args)  # type: ignore[no-any-return]
           ~~~~~~~~~~~~~~~~~~~~~~~~~~~~~~~~~~~~~~~~~~~~~~~~~~~~^^^^^^^^^^^^^
  File "E:\Voter_Auth_Minor2_copy(1)\backend\routes\admin_routes.py", line 349, in manage_booths
    booths = list(mongo.db.booths.find().sort("created_at", -1))
  File "E:\Voter_Auth_Minor2_copy(1)\.venv\Lib\site-packages\pymongo\synchronous\cursor.py", line 1289, in __next__
    return self.next()
           ~~~~~~~~~^^
  File "E:\Voter_Auth_Minor2_copy(1)\.venv\Lib\site-packages\pymongo\synchronous\cursor.py", line 1265, in next
    if len(self._data) or self._refresh():
                          ~~~~~~~~~~~~~^^
  File "E:\Voter_Auth_Minor2_copy(1)\.venv\Lib\site-packages\pymongo\synchronous\cursor.py", line 1213, in _refresh
    self._send_message(q)
    ~~~~~~~~~~~~~~~~~~^^^
  File "E:\Voter_Auth_Minor2_copy(1)\.venv\Lib\site-packages\pymongo\synchronous\cursor.py", line 1108, in _send_message
    response = client._run_operation(
    
  File "E:\Voter_Auth_Minor2_copy(1)\.venv\Lib\site-packages\pymongo\_csot.py", line 125, in csot_wrapper
    return func(self, *args, **kwargs)
  File "E:\Voter_Auth_Minor2_copy(1)\.venv\Lib\site-packages\pymongo\synchronous\mongo_client.py", line 1938, in _run_operation
    return self._retryable_read(
    
  File "E:\Voter_Auth_Minor2_copy(1)\.venv\Lib\site-packages\pymongo\synchronous\mongo_client.py", line 2048, in _retryable_read
    return self._retry_internal(
    
  File "E:\Voter_Auth_Minor2_copy(1)\.venv\Lib\site-packages\pymongo\_csot.py", line 125, in csot_wrapper
    return func(self, *args, **kwargs)
  File "E:\Voter_Auth_Minor2_copy(1)\.venv\Lib\site-packages\pymongo\synchronous\mongo_client.py", line 2014, in _retry_internal
    ).run()
      ~~~^^
  File "E:\Voter_Auth_Minor2_copy(1)\.venv\Lib\site-packages\pymongo\synchronous\mongo_client.py", line 2763, in run
    return self._read() if self._is_read else self._write()
           ~~~~~~~~~~^^
  File "E:\Voter_Auth_Minor2_copy(1)\.venv\Lib\site-packages\pymongo\synchronous\mongo_client.py", line 2908, in _read
    self._server = self._get_server()
                   ~~~~~~~~~~~~~~~~^^
  File "E:\Voter_Auth_Minor2_copy(1)\.venv\Lib\site-packages\pymongo\synchronous\mongo_client.py", line 2856, in _get_server
    return self._client._select_server(
    
  File "E:\Voter_Auth_Minor2_copy(1)\.venv\Lib\site-packages\pymongo\synchronous\mongo_client.py", line 1833, in _select_server
    server = topology.select_server(
    
  File "E:\Voter_Auth_Minor2_copy(1)\.venv\Lib\site-packages\pymongo\synchronous\topology.py", line 428, in select_server
    server = self._select_server(
    
  File "E:\Voter_Auth_Minor2_copy(1)\.venv\Lib\site-packages\pymongo\synchronous\topology.py", line 402, in _select_server
    servers = self.select_servers(
    
  File "E:\Voter_Auth_Minor2_copy(1)\.venv\Lib\site-packages\pymongo\synchronous\topology.py", line 298, in select_servers
    server_descriptions = self._select_servers_loop(
    
  File "E:\Voter_Auth_Minor2_copy(1)\.venv\Lib\site-packages\pymongo\synchronous\topology.py", line 359, in _select_servers_loop
    raise ServerSelectionTimeoutError(
    ^
pymongo.errors.ServerSelectionTimeoutError: localhost:27017: [WinError 10061] No connection could be made because the target machine actively refused it (configured timeouts: socketTimeoutMS: 20000.0ms, connectTimeoutMS: 20000.0ms), Timeout: 30s, Topology Description: <TopologyDescription id: 69fa731999385a0e60f24c55, topology_type: Unknown, servers: [<ServerDescription ('localhost', 27017) server_type: Unknown, rtt: None, error=AutoReconnect('localhost:27017: [WinError 10061] No connection could be made because the target machine actively refused it (configured timeouts: socketTimeoutMS: 20000.0ms, connectTimeoutMS: 20000.0ms)')>]>
Traceback (most recent call last):
  File "E:\Voter_Auth_Minor2_copy(1)\.venv\Lib\site-packages\flask\app.py", line 1536, in __call__
    return self.wsgi_app(environ, start_response)
           ~~~~~~~~~~~~~^^^^^^^^^^^^^^^^^^^^^^^^^
  File "E:\Voter_Auth_Minor2_copy(1)\.venv\Lib\site-packages\flask\app.py", line 1514, in wsgi_app
    response = self.handle_exception(e)
  File "E:\Voter_Auth_Minor2_copy(1)\.venv\Lib\site-packages\flask_cors\extension.py", line 176, in wrapped_function
    return cors_after_request(app.make_response(f(*args, **kwargs)))
                                                ~^^^^^^^^^^^^^^^^^
  File "E:\Voter_Auth_Minor2_copy(1)\.venv\Lib\site-packages\flask\app.py", line 1511, in wsgi_app
    response = self.full_dispatch_request()
  File "E:\Voter_Auth_Minor2_copy(1)\.venv\Lib\site-packages\flask\app.py", line 919, in full_dispatch_request
    rv = self.handle_user_exception(e)
  File "E:\Voter_Auth_Minor2_copy(1)\.venv\Lib\site-packages\flask_cors\extension.py", line 176, in wrapped_function
    return cors_after_request(app.make_response(f(*args, **kwargs)))
                                                ~^^^^^^^^^^^^^^^^^
  File "E:\Voter_Auth_Minor2_copy(1)\.venv\Lib\site-packages\flask\app.py", line 917, in full_dispatch_request
    rv = self.dispatch_request()
  File "E:\Voter_Auth_Minor2_copy(1)\.venv\Lib\site-packages\flask\app.py", line 902, in dispatch_request
    return self.ensure_sync(self.view_functions[rule.endpoint])(**view_args)  # type: ignore[no-any-return]
           ~~~~~~~~~~~~~~~~~~~~~~~~~~~~~~~~~~~~~~~~~~~~~~~~~~~~^^^^^^^^^^^^^
  File "E:\Voter_Auth_Minor2_copy(1)\backend\routes\admin_routes.py", line 110, in manage_voters
    voters = list(mongo.db.voters.find().sort("created_at", -1))
  File "E:\Voter_Auth_Minor2_copy(1)\.venv\Lib\site-packages\pymongo\synchronous\cursor.py", line 1289, in __next__
    return self.next()
           ~~~~~~~~~^^
  File "E:\Voter_Auth_Minor2_copy(1)\.venv\Lib\site-packages\pymongo\synchronous\cursor.py", line 1265, in next
    if len(self._data) or self._refresh():
                          ~~~~~~~~~~~~~^^
  File "E:\Voter_Auth_Minor2_copy(1)\.venv\Lib\site-packages\pymongo\synchronous\cursor.py", line 1213, in _refresh
    self._send_message(q)
    ~~~~~~~~~~~~~~~~~~^^^
  File "E:\Voter_Auth_Minor2_copy(1)\.venv\Lib\site-packages\pymongo\synchronous\cursor.py", line 1108, in _send_message
    response = client._run_operation(
    
  File "E:\Voter_Auth_Minor2_copy(1)\.venv\Lib\site-packages\pymongo\_csot.py", line 125, in csot_wrapper
    return func(self, *args, **kwargs)
  File "E:\Voter_Auth_Minor2_copy(1)\.venv\Lib\site-packages\pymongo\synchronous\mongo_client.py", line 1938, in _run_operation
    return self._retryable_read(
    
  File "E:\Voter_Auth_Minor2_copy(1)\.venv\Lib\site-packages\pymongo\synchronous\mongo_client.py", line 2048, in _retryable_read
    return self._retry_internal(
    
  File "E:\Voter_Auth_Minor2_copy(1)\.venv\Lib\site-packages\pymongo\_csot.py", line 125, in csot_wrapper
    return func(self, *args, **kwargs)
  File "E:\Voter_Auth_Minor2_copy(1)\.venv\Lib\site-packages\pymongo\synchronous\mongo_client.py", line 2014, in _retry_internal
    ).run()
      ~~~^^
  File "E:\Voter_Auth_Minor2_copy(1)\.venv\Lib\site-packages\pymongo\synchronous\mongo_client.py", line 2763, in run
    return self._read() if self._is_read else self._write()
           ~~~~~~~~~~^^
  File "E:\Voter_Auth_Minor2_copy(1)\.venv\Lib\site-packages\pymongo\synchronous\mongo_client.py", line 2908, in _read
    self._server = self._get_server()
                   ~~~~~~~~~~~~~~~~^^
  File "E:\Voter_Auth_Minor2_copy(1)\.venv\Lib\site-packages\pymongo\synchronous\mongo_client.py", line 2856, in _get_server
    return self._client._select_server(
    
  File "E:\Voter_Auth_Minor2_copy(1)\.venv\Lib\site-packages\pymongo\synchronous\mongo_client.py", line 1833, in _select_server
    server = topology.select_server(
    
  File "E:\Voter_Auth_Minor2_copy(1)\.venv\Lib\site-packages\pymongo\synchronous\topology.py", line 428, in select_server
    server = self._select_server(
    
  File "E:\Voter_Auth_Minor2_copy(1)\.venv\Lib\site-packages\pymongo\synchronous\topology.py", line 402, in _select_server
    servers = self.select_servers(
    
  File "E:\Voter_Auth_Minor2_copy(1)\.venv\Lib\site-packages\pymongo\synchronous\topology.py", line 298, in select_servers
    server_descriptions = self._select_servers_loop(
    
  File "E:\Voter_Auth_Minor2_copy(1)\.venv\Lib\site-packages\pymongo\synchronous\topology.py", line 359, in _select_servers_loop
    raise ServerSelectionTimeoutError(
    ^
pymongo.errors.ServerSelectionTimeoutError: localhost:27017: [WinError 10061] No connection could be made because the target machine actively refused it (configured timeouts: socketTimeoutMS: 20000.0ms, connectTimeoutMS: 20000.0ms), Timeout: 30s, Topology Description: <TopologyDescription id: 69fa731999385a0e60f24c55, topology_type: Unknown, servers: [<ServerDescription ('localhost', 27017) server_type: Unknown, rtt: None, error=AutoReconnect('localhost:27017: [WinError 10061] No connection could be made because the target machine actively refused it (configured timeouts: socketTimeoutMS: 20000.0ms, connectTimeoutMS: 20000.0ms)')>]>
127.0.0.1 - - [06/May/2026 04:24:09] "GET / HTTP/1.1" 200 -
127.0.0.1 - - [06/May/2026 04:25:36] "GET /api/admin/booths HTTP/1.1" 200 -
127.0.0.1 - - [06/May/2026 04:25:36] "GET /api/admin/voters HTTP/1.1" 200 -
127.0.0.1 - - [06/May/2026 04:25:36] "GET /api/admin/voters HTTP/1.1" 200 -
127.0.0.1 - - [06/May/2026 04:25:36] "GET /api/admin/booths HTTP/1.1" 200 -
127.0.0.1 - - [06/May/2026 04:26:00] "GET /api/admin/voters HTTP/1.1" 200 -
127.0.0.1 - - [06/May/2026 04:26:00] "GET /api/admin/booths HTTP/1.1" 200 -
127.0.0.1 - - [06/May/2026 04:26:31] "GET /api/admin/booths HTTP/1.1" 200 -
127.0.0.1 - - [06/May/2026 04:26:31] "GET /api/admin/voters HTTP/1.1" 200 -
127.0.0.1 - - [06/May/2026 04:31:03] "GET /api/admin/booths HTTP/1.1" 200 -
127.0.0.1 - - [06/May/2026 04:31:03] "GET /api/admin/voters HTTP/1.1" 200 -
